# JRE version: OpenJDK Runtime Environment (17.0.7) (build 17.0.7+0-b2043.56-10550314)
# Java VM: OpenJDK 64-Bit Server VM (17.0.7+0-b2043.56-10550314, mixed mode, tiered, compressed oops, compressed class ptrs, g1 gc, windows-amd64)
GC Precious Log:
 CPUs: 8 total, 8 available
 Memory: 12170M
 Large Page Support: Disabled
 NUMA Support: Disabled
 Compressed Oops: Enabled (32-bit)
 Heap Region Size: 1M
 Heap Min Capacity: 8M
 Heap Initial Capacity: 192M
 Heap Max Capacity: 2G
 Pre-touch: Disabled
 Parallel Workers: 8
 Concurrent Workers: 2
 Concurrent Refinement Workers: 8
 Periodic GC: Disabled
Heap:
 garbage-first heap   total 411648K, used 207409K [0x0000000080000000, 0x0000000100000000)
  region size 1024K, 3 young (3072K), 3 survivors (3072K)
 Metaspace       used 158330K, committed 159936K, reserved 1245184K
  class space    used 20841K, committed 21696K, reserved 1048576K
GC Heap History (20 events):
Event: 6040.092 GC heap after
{Heap after GC invocations=121 (full 0):
 garbage-first heap   total 411648K, used 201728K [0x0000000080000000, 0x0000000100000000)
  region size 1024K, 7 young (7168K), 7 survivors (7168K)
 Metaspace       used 156596K, committed 158848K, reserved 1245184K
  class space    used 20797K, committed 21696K, reserved 1048576K
}
Event: 6040.246 GC heap before
{Heap before GC invocations=121 (full 0):
 garbage-first heap   total 411648K, used 214016K [0x0000000080000000, 0x0000000100000000)
  region size 1024K, 20 young (20480K), 7 survivors (7168K)
 Metaspace       used 156636K, committed 158848K, reserved 1245184K
  class space    used 20797K, committed 21696K, reserved 1048576K
}
Event: 6040.262 GC heap after
{Heap after GC invocations=122 (full 0):
 garbage-first heap   total 411648K, used 192213K [0x0000000080000000, 0x0000000100000000)
  region size 1024K, 3 young (3072K), 3 survivors (3072K)
 Metaspace       used 156636K, committed 158848K, reserved 1245184K
  class space    used 20797K, committed 21696K, reserved 1048576K
}
Event: 6040.316 GC heap before
{Heap before GC invocations=122 (full 0):
 garbage-first heap   total 411648K, used 197333K [0x0000000080000000, 0x0000000100000000)
  region size 1024K, 9 young (9216K), 3 survivors (3072K)
 Metaspace       used 156644K, committed 158848K, reserved 1245184K
  class space    used 20797K, committed 21696K, reserved 1048576K
}
Event: 6040.320 GC heap after
{Heap after GC invocations=123 (full 0):
 garbage-first heap   total 411648K, used 194439K [0x0000000080000000, 0x0000000100000000)
  region size 1024K, 6 young (6144K), 6 survivors (6144K)
 Metaspace       used 156644K, committed 158848K, reserved 1245184K
  class space    used 20797K, committed 21696K, reserved 1048576K
}
Event: 6041.228 GC heap before
{Heap before GC invocations=124 (full 0):
 garbage-first heap   total 411648K, used 338823K [0x0000000080000000, 0x0000000100000000)
  region size 1024K, 114 young (116736K), 6 survivors (6144K)
 Metaspace       used 156951K, committed 158976K, reserved 1245184K
  class space    used 20779K, committed 21696K, reserved 1048576K
}
Event: 6041.246 GC heap after
{Heap after GC invocations=125 (full 0):
 garbage-first heap   total 411648K, used 220074K [0x0000000080000000, 0x0000000100000000)
  region size 1024K, 15 young (15360K), 15 survivors (15360K)
 Metaspace       used 156951K, committed 158976K, reserved 1245184K
  class space    used 20779K, committed 21696K, reserved 1048576K
}
Event: 6041.298 GC heap before
{Heap before GC invocations=125 (full 0):
 garbage-first heap   total 411648K, used 225194K [0x0000000080000000, 0x0000000100000000)
  region size 1024K, 20 young (20480K), 15 survivors (15360K)
 Metaspace       used 157135K, committed 159040K, reserved 1245184K
  class space    used 20793K, committed 21696K, reserved 1048576K
}
Event: 6041.313 GC heap after
{Heap after GC invocations=126 (full 0):
 garbage-first heap   total 411648K, used 208722K [0x0000000080000000, 0x0000000100000000)
  region size 1024K, 3 young (3072K), 3 survivors (3072K)
 Metaspace       used 157135K, committed 159040K, reserved 1245184K
  class space    used 20793K, committed 21696K, reserved 1048576K
}
Event: 6041.829 GC heap before
{Heap before GC invocations=126 (full 0):
 garbage-first heap   total 411648K, used 310098K [0x0000000080000000, 0x0000000100000000)
  region size 1024K, 103 young (105472K), 3 survivors (3072K)
 Metaspace       used 157736K, committed 159360K, reserved 1245184K
  class space    used 20807K, committed 21696K, reserved 1048576K
}
Event: 6041.836 GC heap after
{Heap after GC invocations=127 (full 0):
 garbage-first heap   total 411648K, used 213226K [0x0000000080000000, 0x0000000100000000)
  region size 1024K, 7 young (7168K), 7 survivors (7168K)
 Metaspace       used 157736K, committed 159360K, reserved 1245184K
  class space    used 20807K, committed 21696K, reserved 1048576K
}
Event: 6076.950 GC heap before
{Heap before GC invocations=128 (full 0):
 garbage-first heap   total 411648K, used 310506K [0x0000000080000000, 0x0000000100000000)
  region size 1024K, 109 young (111616K), 7 survivors (7168K)
 Metaspace       used 158222K, committed 159808K, reserved 1245184K
  class space    used 20840K, committed 21696K, reserved 1048576K
}
Event: 6076.960 GC heap after
{Heap after GC invocations=129 (full 0):
 garbage-first heap   total 411648K, used 218226K [0x0000000080000000, 0x0000000100000000)
  region size 1024K, 14 young (14336K), 14 survivors (14336K)
 Metaspace       used 158222K, committed 159808K, reserved 1245184K
  class space    used 20840K, committed 21696K, reserved 1048576K
}
Event: 6076.988 GC heap before
{Heap before GC invocations=129 (full 0):
 garbage-first heap   total 411648K, used 232562K [0x0000000080000000, 0x0000000100000000)
  region size 1024K, 20 young (20480K), 14 survivors (14336K)
 Metaspace       used 158229K, committed 159808K, reserved 1245184K
  class space    used 20840K, committed 21696K, reserved 1048576K
}
Event: 6077.004 GC heap after
{Heap after GC invocations=130 (full 0):
 garbage-first heap   total 411648K, used 191287K [0x0000000080000000, 0x0000000100000000)
  region size 1024K, 3 young (3072K), 3 survivors (3072K)
 Metaspace       used 158229K, committed 159808K, reserved 1245184K
  class space    used 20840K, committed 21696K, reserved 1048576K
}
Event: 6077.163 GC heap before
{Heap before GC invocations=130 (full 0):
 garbage-first heap   total 411648K, used 225079K [0x0000000080000000, 0x0000000100000000)
  region size 1024K, 37 young (37888K), 3 survivors (3072K)
 Metaspace       used 158237K, committed 159808K, reserved 1245184K
  class space    used 20840K, committed 21696K, reserved 1048576K
}
Event: 6077.174 GC heap after
{Heap after GC invocations=131 (full 0):
 garbage-first heap   total 411648K, used 206230K [0x0000000080000000, 0x0000000100000000)
  region size 1024K, 15 young (15360K), 15 survivors (15360K)
 Metaspace       used 158237K, committed 159808K, reserved 1245184K
  class space    used 20840K, committed 21696K, reserved 1048576K
}
Event: 6077.715 GC heap before
{Heap before GC invocations=132 (full 0):
 garbage-first heap   total 411648K, used 310678K [0x0000000080000000, 0x0000000100000000)
  region size 1024K, 93 young (95232K), 15 survivors (15360K)
 Metaspace       used 158325K, committed 159936K, reserved 1245184K
  class space    used 20841K, committed 21696K, reserved 1048576K
}
Event: 6077.730 GC heap after
{Heap after GC invocations=133 (full 0):
 garbage-first heap   total 411648K, used 217311K [0x0000000080000000, 0x0000000100000000)
  region size 1024K, 11 young (11264K), 11 survivors (11264K)
 Metaspace       used 158325K, committed 159936K, reserved 1245184K
  class space    used 20841K, committed 21696K, reserved 1048576K
}
Event: 6077.748 GC heap before
{Heap before GC invocations=133 (full 0):
 garbage-first heap   total 411648K, used 226527K [0x0000000080000000, 0x0000000100000000)
  region size 1024K, 20 young (20480K), 11 survivors (11264K)
 Metaspace       used 158330K, committed 159936K, reserved 1245184K
  class space    used 20841K, committed 21696K, reserved 1048576K
}

